cl : command line  warning D9035: option 'Gm' has been deprecated and will be removed in a future release
  example1.cpp
D:\BaiTHso2_2_project_Cube\BaiTHso3_2_project_Cube\GLSLExperiment\example1.cpp(138,28): warning C4305: 'argument': truncation from 'double' to 'const GLfloat'
D:\BaiTHso2_2_project_Cube\BaiTHso3_2_project_Cube\GLSLExperiment\example1.cpp(138,68): warning C4305: 'argument': truncation from 'double' to 'const GLfloat'
D:\BaiTHso2_2_project_Cube\BaiTHso3_2_project_Cube\GLSLExperiment\example1.cpp(142,54): warning C4305: 'argument': truncation from 'double' to 'const GLfloat'
D:\BaiTHso2_2_project_Cube\BaiTHso3_2_project_Cube\GLSLExperiment\example1.cpp(142,49): warning C4305: 'argument': truncation from 'double' to 'const GLfloat'
D:\BaiTHso2_2_project_Cube\BaiTHso3_2_project_Cube\GLSLExperiment\example1.cpp(142,43): warning C4305: 'argument': truncation from 'double' to 'const GLfloat'
D:\BaiTHso2_2_project_Cube\BaiTHso3_2_project_Cube\GLSLExperiment\example1.cpp(143,60): warning C4305: 'argument': truncation from 'double' to 'const GLfloat'
D:\BaiTHso2_2_project_Cube\BaiTHso3_2_project_Cube\GLSLExperiment\example1.cpp(144,30): warning C4305: 'argument': truncation from 'double' to 'const GLfloat'
D:\BaiTHso2_2_project_Cube\BaiTHso3_2_project_Cube\GLSLExperiment\example1.cpp(144,54): warning C4305: 'argument': truncation from 'double' to 'const GLfloat'
D:\BaiTHso2_2_project_Cube\BaiTHso3_2_project_Cube\GLSLExperiment\example1.cpp(155,51): warning C4305: 'argument': truncation from 'double' to 'const GLfloat'
D:\BaiTHso2_2_project_Cube\BaiTHso3_2_project_Cube\GLSLExperiment\example1.cpp(164,25): warning C4305: 'argument': truncation from 'double' to 'const GLfloat'
D:\BaiTHso2_2_project_Cube\BaiTHso3_2_project_Cube\GLSLExperiment\example1.cpp(185,29): warning C4305: 'argument': truncation from 'double' to 'GLfloat'
D:\BaiTHso2_2_project_Cube\BaiTHso3_2_project_Cube\GLSLExperiment\example1.cpp(185,20): warning C4305: 'argument': truncation from 'double' to 'GLfloat'
D:\BaiTHso2_2_project_Cube\BaiTHso3_2_project_Cube\GLSLExperiment\example1.cpp(186,28): warning C4305: 'argument': truncation from 'double' to 'GLfloat'
D:\BaiTHso2_2_project_Cube\BaiTHso3_2_project_Cube\GLSLExperiment\example1.cpp(186,19): warning C4305: 'argument': truncation from 'double' to 'GLfloat'
D:\BaiTHso2_2_project_Cube\BaiTHso3_2_project_Cube\GLSLExperiment\example1.cpp(187,28): warning C4305: 'argument': truncation from 'double' to 'GLfloat'
D:\BaiTHso2_2_project_Cube\BaiTHso3_2_project_Cube\GLSLExperiment\example1.cpp(187,22): warning C4305: 'argument': truncation from 'double' to 'GLfloat'
D:\BaiTHso2_2_project_Cube\BaiTHso3_2_project_Cube\GLSLExperiment\example1.cpp(188,29): warning C4305: 'argument': truncation from 'double' to 'GLfloat'
D:\BaiTHso2_2_project_Cube\BaiTHso3_2_project_Cube\GLSLExperiment\example1.cpp(188,23): warning C4305: 'argument': truncation from 'double' to 'GLfloat'
D:\BaiTHso2_2_project_Cube\BaiTHso3_2_project_Cube\GLSLExperiment\example1.cpp(191,24): warning C4305: 'argument': truncation from 'double' to 'const GLfloat'
D:\BaiTHso2_2_project_Cube\BaiTHso3_2_project_Cube\GLSLExperiment\example1.cpp(191,66): warning C4305: 'argument': truncation from 'double' to 'const GLfloat'
D:\BaiTHso2_2_project_Cube\BaiTHso3_2_project_Cube\GLSLExperiment\example1.cpp(193,14): warning C4305: 'argument': truncation from 'double' to 'GLfloat'
D:\BaiTHso2_2_project_Cube\BaiTHso3_2_project_Cube\GLSLExperiment\example1.cpp(200,11): warning C4305: 'argument': truncation from 'double' to 'GLfloat'
D:\BaiTHso2_2_project_Cube\BaiTHso3_2_project_Cube\GLSLExperiment\example1.cpp(253,14): warning C4305: '+=': truncation from 'double' to 'GLfloat'
D:\BaiTHso2_2_project_Cube\BaiTHso3_2_project_Cube\GLSLExperiment\example1.cpp(281,43): warning C4305: 'argument': truncation from 'double' to 'const GLfloat'
  GLSLExperiment.vcxproj -> D:\BaiTHso2_2_project_Cube\BaiTHso3_2_project_Cube\Debug\GLSLExperiment.exe
